
*** Running vivado
    with args -log top.vds -m64 -product Vivado -mode batch -messageDb vivado.pb -notrace -source top.tcl


****** Vivado v2019.1 (64-bit)
  **** SW Build 2552052 on Fri May 24 14:49:42 MDT 2019
  **** IP Build 2548770 on Fri May 24 18:01:18 MDT 2019
    ** Copyright 1986-2019 Xilinx, Inc. All Rights Reserved.

source top.tcl -notrace
Command: synth_design -top top -part xc7a100tcsg324-1
Starting synth_design
Attempting to get a license for feature 'Synthesis' and/or device 'xc7a100t'
INFO: [Common 17-349] Got license for feature 'Synthesis' and/or device 'xc7a100t'
INFO: [Device 21-403] Loading part xc7a100tcsg324-1
INFO: Launching helper process for spawning children vivado processes
INFO: Helper process launched with PID 13092 
---------------------------------------------------------------------------------
Starting RTL Elaboration : Time (s): cpu = 00:00:05 ; elapsed = 00:00:05 . Memory (MB): peak = 735.902 ; gain = 176.391
---------------------------------------------------------------------------------
INFO: [Synth 8-6157] synthesizing module 'top' [E:/FPGA/SRM_FPGA/current_measuremrnt/current_measuremrnt.srcs/sources_1/new/top.v:3]
	Parameter data_len bound to: 16 - type: integer 
	Parameter RDY bound to: 2'b00 
	Parameter RECEIVE bound to: 2'b01 
	Parameter STOP bound to: 2'b10 
	Parameter WAIT bound to: 2'b11 
INFO: [Synth 8-6157] synthesizing module 'bcd' [E:/FPGA/SRM_FPGA/current_measuremrnt/current_measuremrnt.srcs/sources_1/new/bcd.v:3]
INFO: [Synth 8-6155] done synthesizing module 'bcd' (1#1) [E:/FPGA/SRM_FPGA/current_measuremrnt/current_measuremrnt.srcs/sources_1/new/bcd.v:3]
WARNING: [Synth 8-689] width (16) of port connection 'number' does not match port width (14) of module 'bcd' [E:/FPGA/SRM_FPGA/current_measuremrnt/current_measuremrnt.srcs/sources_1/new/top.v:22]
INFO: [Synth 8-6157] synthesizing module 'seven_segment_display' [E:/FPGA/SRM_FPGA/current_measuremrnt/current_measuremrnt.srcs/sources_1/new/seven_segment_display.v:3]
INFO: [Synth 8-6157] synthesizing module 'clock_divider' [E:/FPGA/SRM_FPGA/current_measuremrnt/current_measuremrnt.srcs/sources_1/new/clock_divider.v:6]
	Parameter CLK_DIV bound to: 4999 - type: integer 
INFO: [Synth 8-6155] done synthesizing module 'clock_divider' (2#1) [E:/FPGA/SRM_FPGA/current_measuremrnt/current_measuremrnt.srcs/sources_1/new/clock_divider.v:6]
INFO: [Synth 8-6157] synthesizing module 'refresh_counter' [E:/FPGA/SRM_FPGA/current_measuremrnt/current_measuremrnt.srcs/sources_1/new/refresh_counter.v:3]
INFO: [Synth 8-6155] done synthesizing module 'refresh_counter' (3#1) [E:/FPGA/SRM_FPGA/current_measuremrnt/current_measuremrnt.srcs/sources_1/new/refresh_counter.v:3]
INFO: [Synth 8-6157] synthesizing module 'anode_control' [E:/FPGA/SRM_FPGA/current_measuremrnt/current_measuremrnt.srcs/sources_1/new/anode_control.v:3]
INFO: [Synth 8-6155] done synthesizing module 'anode_control' (4#1) [E:/FPGA/SRM_FPGA/current_measuremrnt/current_measuremrnt.srcs/sources_1/new/anode_control.v:3]
INFO: [Synth 8-6157] synthesizing module 'bcd_control' [E:/FPGA/SRM_FPGA/current_measuremrnt/current_measuremrnt.srcs/sources_1/new/bcd_control.v:3]
WARNING: [Synth 8-567] referenced signal 'digit1' should be on the sensitivity list [E:/FPGA/SRM_FPGA/current_measuremrnt/current_measuremrnt.srcs/sources_1/new/bcd_control.v:18]
WARNING: [Synth 8-567] referenced signal 'digit2' should be on the sensitivity list [E:/FPGA/SRM_FPGA/current_measuremrnt/current_measuremrnt.srcs/sources_1/new/bcd_control.v:18]
WARNING: [Synth 8-567] referenced signal 'digit3' should be on the sensitivity list [E:/FPGA/SRM_FPGA/current_measuremrnt/current_measuremrnt.srcs/sources_1/new/bcd_control.v:18]
WARNING: [Synth 8-567] referenced signal 'digit4' should be on the sensitivity list [E:/FPGA/SRM_FPGA/current_measuremrnt/current_measuremrnt.srcs/sources_1/new/bcd_control.v:18]
WARNING: [Synth 8-567] referenced signal 'digit5' should be on the sensitivity list [E:/FPGA/SRM_FPGA/current_measuremrnt/current_measuremrnt.srcs/sources_1/new/bcd_control.v:18]
WARNING: [Synth 8-567] referenced signal 'digit6' should be on the sensitivity list [E:/FPGA/SRM_FPGA/current_measuremrnt/current_measuremrnt.srcs/sources_1/new/bcd_control.v:18]
WARNING: [Synth 8-567] referenced signal 'digit7' should be on the sensitivity list [E:/FPGA/SRM_FPGA/current_measuremrnt/current_measuremrnt.srcs/sources_1/new/bcd_control.v:18]
WARNING: [Synth 8-567] referenced signal 'digit8' should be on the sensitivity list [E:/FPGA/SRM_FPGA/current_measuremrnt/current_measuremrnt.srcs/sources_1/new/bcd_control.v:18]
INFO: [Synth 8-6155] done synthesizing module 'bcd_control' (5#1) [E:/FPGA/SRM_FPGA/current_measuremrnt/current_measuremrnt.srcs/sources_1/new/bcd_control.v:3]
INFO: [Synth 8-6157] synthesizing module 'bcd_to_cathodes' [E:/FPGA/SRM_FPGA/current_measuremrnt/current_measuremrnt.srcs/sources_1/new/bcd_to_cathodes.v:3]
INFO: [Synth 8-226] default block is never used [E:/FPGA/SRM_FPGA/current_measuremrnt/current_measuremrnt.srcs/sources_1/new/bcd_to_cathodes.v:9]
INFO: [Synth 8-6155] done synthesizing module 'bcd_to_cathodes' (6#1) [E:/FPGA/SRM_FPGA/current_measuremrnt/current_measuremrnt.srcs/sources_1/new/bcd_to_cathodes.v:3]
INFO: [Synth 8-6155] done synthesizing module 'seven_segment_display' (7#1) [E:/FPGA/SRM_FPGA/current_measuremrnt/current_measuremrnt.srcs/sources_1/new/seven_segment_display.v:3]
INFO: [Synth 8-6155] done synthesizing module 'top' (8#1) [E:/FPGA/SRM_FPGA/current_measuremrnt/current_measuremrnt.srcs/sources_1/new/top.v:3]
---------------------------------------------------------------------------------
Finished RTL Elaboration : Time (s): cpu = 00:00:07 ; elapsed = 00:00:07 . Memory (MB): peak = 799.156 ; gain = 239.645
---------------------------------------------------------------------------------

Report Check Netlist: 
+------+------------------+-------+---------+-------+------------------+
|      |Item              |Errors |Warnings |Status |Description       |
+------+------------------+-------+---------+-------+------------------+
|1     |multi_driven_nets |      0|        0|Passed |Multi driven nets |
+------+------------------+-------+---------+-------+------------------+
---------------------------------------------------------------------------------
Start Handling Custom Attributes
---------------------------------------------------------------------------------
---------------------------------------------------------------------------------
Finished Handling Custom Attributes : Time (s): cpu = 00:00:07 ; elapsed = 00:00:07 . Memory (MB): peak = 799.156 ; gain = 239.645
---------------------------------------------------------------------------------
---------------------------------------------------------------------------------
Finished RTL Optimization Phase 1 : Time (s): cpu = 00:00:07 ; elapsed = 00:00:07 . Memory (MB): peak = 799.156 ; gain = 239.645
---------------------------------------------------------------------------------
INFO: [Project 1-570] Preparing netlist for logic optimization

Processing XDC Constraints
Initializing timing engine
Parsing XDC File [E:/FPGA/SRM_FPGA/current_measuremrnt/Nexys-4-DDR-Master.xdc]
WARNING: [Vivado 12-584] No ports matched 'LED[14]'. [E:/FPGA/SRM_FPGA/current_measuremrnt/Nexys-4-DDR-Master.xdc:47]
CRITICAL WARNING: [Common 17-55] 'set_property' expects at least one object. [E:/FPGA/SRM_FPGA/current_measuremrnt/Nexys-4-DDR-Master.xdc:47]
Resolution: If [get_<value>] was used to populate the object, check to make sure this command returns at least one valid object.
WARNING: [Vivado 12-584] No ports matched 'LED[15]'. [E:/FPGA/SRM_FPGA/current_measuremrnt/Nexys-4-DDR-Master.xdc:48]
CRITICAL WARNING: [Common 17-55] 'set_property' expects at least one object. [E:/FPGA/SRM_FPGA/current_measuremrnt/Nexys-4-DDR-Master.xdc:48]
Resolution: If [get_<value>] was used to populate the object, check to make sure this command returns at least one valid object.
Finished Parsing XDC File [E:/FPGA/SRM_FPGA/current_measuremrnt/Nexys-4-DDR-Master.xdc]
INFO: [Project 1-236] Implementation specific constraints were found while reading constraint file [E:/FPGA/SRM_FPGA/current_measuremrnt/Nexys-4-DDR-Master.xdc]. These constraints will be ignored for synthesis but will be used in implementation. Impacted constraints are listed in the file [.Xil/top_propImpl.xdc].
Resolution: To avoid this warning, move constraints listed in [.Xil/top_propImpl.xdc] to another XDC file and exclude this new file from synthesis with the used_in_synthesis property (File Properties dialog in GUI) and re-run elaboration/synthesis.
Completed Processing XDC Constraints

Netlist sorting complete. Time (s): cpu = 00:00:00 ; elapsed = 00:00:00.001 . Memory (MB): peak = 918.902 ; gain = 0.000
INFO: [Project 1-111] Unisim Transformation Summary:
No Unisim elements were transformed.

Constraint Validation Runtime : Time (s): cpu = 00:00:00 ; elapsed = 00:00:00.004 . Memory (MB): peak = 918.902 ; gain = 0.000
---------------------------------------------------------------------------------
Finished Constraint Validation : Time (s): cpu = 00:00:15 ; elapsed = 00:00:16 . Memory (MB): peak = 918.902 ; gain = 359.391
---------------------------------------------------------------------------------
---------------------------------------------------------------------------------
Start Loading Part and Timing Information
---------------------------------------------------------------------------------
Loading part: xc7a100tcsg324-1
---------------------------------------------------------------------------------
Finished Loading Part and Timing Information : Time (s): cpu = 00:00:15 ; elapsed = 00:00:16 . Memory (MB): peak = 918.902 ; gain = 359.391
---------------------------------------------------------------------------------
---------------------------------------------------------------------------------
Start Applying 'set_property' XDC Constraints
---------------------------------------------------------------------------------
---------------------------------------------------------------------------------
Finished applying 'set_property' XDC Constraints : Time (s): cpu = 00:00:15 ; elapsed = 00:00:16 . Memory (MB): peak = 918.902 ; gain = 359.391
---------------------------------------------------------------------------------
INFO: [Synth 8-802] inferred FSM for state register 'state_reg' in module 'top'
INFO: [Synth 8-4471] merging register 'current_reg[13:0]' into 'LED_reg[13:0]' [E:/FPGA/SRM_FPGA/current_measuremrnt/current_measuremrnt.srcs/sources_1/new/top.v:22]
---------------------------------------------------------------------------------------------------
                   State |                     New Encoding |                Previous Encoding 
---------------------------------------------------------------------------------------------------
                    WAIT |                             0001 |                               11
                     RDY |                             0010 |                               00
                 RECEIVE |                             0100 |                               01
                    STOP |                             1000 |                               10
---------------------------------------------------------------------------------------------------
INFO: [Synth 8-3354] encoded FSM with state register 'state_reg' using encoding 'one-hot' in module 'top'
---------------------------------------------------------------------------------
Finished RTL Optimization Phase 2 : Time (s): cpu = 00:00:16 ; elapsed = 00:00:16 . Memory (MB): peak = 918.902 ; gain = 359.391
---------------------------------------------------------------------------------

Report RTL Partitions: 
+-+--------------+------------+----------+
| |RTL Partition |Replication |Instances |
+-+--------------+------------+----------+
+-+--------------+------------+----------+
---------------------------------------------------------------------------------
Start RTL Component Statistics 
---------------------------------------------------------------------------------
Detailed RTL Component Info : 
+---Adders : 
	   2 Input     32 Bit       Adders := 1     
	   2 Input      6 Bit       Adders := 1     
	   2 Input      4 Bit       Adders := 35    
	   2 Input      3 Bit       Adders := 2     
+---Registers : 
	               32 Bit    Registers := 1     
	               16 Bit    Registers := 1     
	               14 Bit    Registers := 1     
	                6 Bit    Registers := 1     
	                4 Bit    Registers := 1     
	                3 Bit    Registers := 2     
	                1 Bit    Registers := 3     
+---Muxes : 
	   2 Input     32 Bit        Muxes := 1     
	   3 Input     16 Bit        Muxes := 1     
	   8 Input      8 Bit        Muxes := 1     
	   2 Input      6 Bit        Muxes := 1     
	   2 Input      4 Bit        Muxes := 29    
	   4 Input      4 Bit        Muxes := 1     
	   2 Input      1 Bit        Muxes := 2     
	   4 Input      1 Bit        Muxes := 2     
---------------------------------------------------------------------------------
Finished RTL Component Statistics 
---------------------------------------------------------------------------------
---------------------------------------------------------------------------------
Start RTL Hierarchical Component Statistics 
---------------------------------------------------------------------------------
Hierarchical RTL Component report 
Module top 
Detailed RTL Component Info : 
+---Adders : 
	   2 Input      6 Bit       Adders := 1     
	   2 Input      4 Bit       Adders := 1     
	   2 Input      3 Bit       Adders := 1     
+---Registers : 
	               16 Bit    Registers := 1     
	               14 Bit    Registers := 1     
	                6 Bit    Registers := 1     
	                4 Bit    Registers := 1     
	                3 Bit    Registers := 1     
	                1 Bit    Registers := 2     
+---Muxes : 
	   3 Input     16 Bit        Muxes := 1     
	   2 Input      6 Bit        Muxes := 1     
	   4 Input      4 Bit        Muxes := 1     
	   2 Input      4 Bit        Muxes := 3     
	   2 Input      1 Bit        Muxes := 2     
	   4 Input      1 Bit        Muxes := 2     
Module bcd 
Detailed RTL Component Info : 
+---Adders : 
	   2 Input      4 Bit       Adders := 34    
+---Muxes : 
	   2 Input      4 Bit        Muxes := 26    
Module clock_divider 
Detailed RTL Component Info : 
+---Adders : 
	   2 Input     32 Bit       Adders := 1     
+---Registers : 
	               32 Bit    Registers := 1     
	                1 Bit    Registers := 1     
+---Muxes : 
	   2 Input     32 Bit        Muxes := 1     
Module refresh_counter 
Detailed RTL Component Info : 
+---Adders : 
	   2 Input      3 Bit       Adders := 1     
+---Registers : 
	                3 Bit    Registers := 1     
Module anode_control 
Detailed RTL Component Info : 
+---Muxes : 
	   8 Input      8 Bit        Muxes := 1     
---------------------------------------------------------------------------------
Finished RTL Hierarchical Component Statistics
---------------------------------------------------------------------------------
---------------------------------------------------------------------------------
Start Part Resource Summary
---------------------------------------------------------------------------------
Part Resources:
DSPs: 240 (col length:80)
BRAMs: 270 (col length: RAMB18 80 RAMB36 40)
---------------------------------------------------------------------------------
Finished Part Resource Summary
---------------------------------------------------------------------------------
---------------------------------------------------------------------------------
Start Cross Boundary and Area Optimization
---------------------------------------------------------------------------------
Warning: Parallel synthesis criteria is not met 
---------------------------------------------------------------------------------
Finished Cross Boundary and Area Optimization : Time (s): cpu = 00:00:23 ; elapsed = 00:00:25 . Memory (MB): peak = 918.902 ; gain = 359.391
---------------------------------------------------------------------------------

Report RTL Partitions: 
+-+--------------+------------+----------+
| |RTL Partition |Replication |Instances |
+-+--------------+------------+----------+
+-+--------------+------------+----------+
---------------------------------------------------------------------------------
Start Applying XDC Timing Constraints
---------------------------------------------------------------------------------
---------------------------------------------------------------------------------
Finished Applying XDC Timing Constraints : Time (s): cpu = 00:00:34 ; elapsed = 00:00:35 . Memory (MB): peak = 918.902 ; gain = 359.391
---------------------------------------------------------------------------------
---------------------------------------------------------------------------------
Start Timing Optimization
---------------------------------------------------------------------------------
---------------------------------------------------------------------------------
Finished Timing Optimization : Time (s): cpu = 00:00:34 ; elapsed = 00:00:35 . Memory (MB): peak = 918.902 ; gain = 359.391
---------------------------------------------------------------------------------

Report RTL Partitions: 
+-+--------------+------------+----------+
| |RTL Partition |Replication |Instances |
+-+--------------+------------+----------+
+-+--------------+------------+----------+
---------------------------------------------------------------------------------
Start Technology Mapping
---------------------------------------------------------------------------------
---------------------------------------------------------------------------------
Finished Technology Mapping : Time (s): cpu = 00:00:34 ; elapsed = 00:00:35 . Memory (MB): peak = 922.906 ; gain = 363.395
---------------------------------------------------------------------------------

Report RTL Partitions: 
+-+--------------+------------+----------+
| |RTL Partition |Replication |Instances |
+-+--------------+------------+----------+
+-+--------------+------------+----------+
---------------------------------------------------------------------------------
Start IO Insertion
---------------------------------------------------------------------------------
---------------------------------------------------------------------------------
Start Flattening Before IO Insertion
---------------------------------------------------------------------------------
---------------------------------------------------------------------------------
Finished Flattening Before IO Insertion
---------------------------------------------------------------------------------
---------------------------------------------------------------------------------
Start Final Netlist Cleanup
---------------------------------------------------------------------------------
---------------------------------------------------------------------------------
Finished Final Netlist Cleanup
---------------------------------------------------------------------------------
---------------------------------------------------------------------------------
Finished IO Insertion : Time (s): cpu = 00:00:37 ; elapsed = 00:00:39 . Memory (MB): peak = 929.738 ; gain = 370.227
---------------------------------------------------------------------------------

Report Check Netlist: 
+------+------------------+-------+---------+-------+------------------+
|      |Item              |Errors |Warnings |Status |Description       |
+------+------------------+-------+---------+-------+------------------+
|1     |multi_driven_nets |      0|        0|Passed |Multi driven nets |
+------+------------------+-------+---------+-------+------------------+
---------------------------------------------------------------------------------
Start Renaming Generated Instances
---------------------------------------------------------------------------------
---------------------------------------------------------------------------------
Finished Renaming Generated Instances : Time (s): cpu = 00:00:37 ; elapsed = 00:00:39 . Memory (MB): peak = 929.738 ; gain = 370.227
---------------------------------------------------------------------------------

Report RTL Partitions: 
+-+--------------+------------+----------+
| |RTL Partition |Replication |Instances |
+-+--------------+------------+----------+
+-+--------------+------------+----------+
---------------------------------------------------------------------------------
Start Rebuilding User Hierarchy
---------------------------------------------------------------------------------
---------------------------------------------------------------------------------
Finished Rebuilding User Hierarchy : Time (s): cpu = 00:00:37 ; elapsed = 00:00:39 . Memory (MB): peak = 929.738 ; gain = 370.227
---------------------------------------------------------------------------------
---------------------------------------------------------------------------------
Start Renaming Generated Ports
---------------------------------------------------------------------------------
---------------------------------------------------------------------------------
Finished Renaming Generated Ports : Time (s): cpu = 00:00:37 ; elapsed = 00:00:39 . Memory (MB): peak = 929.738 ; gain = 370.227
---------------------------------------------------------------------------------
---------------------------------------------------------------------------------
Start Handling Custom Attributes
---------------------------------------------------------------------------------
---------------------------------------------------------------------------------
Finished Handling Custom Attributes : Time (s): cpu = 00:00:37 ; elapsed = 00:00:39 . Memory (MB): peak = 929.738 ; gain = 370.227
---------------------------------------------------------------------------------
---------------------------------------------------------------------------------
Start Renaming Generated Nets
---------------------------------------------------------------------------------
---------------------------------------------------------------------------------
Finished Renaming Generated Nets : Time (s): cpu = 00:00:37 ; elapsed = 00:00:39 . Memory (MB): peak = 929.738 ; gain = 370.227
---------------------------------------------------------------------------------
---------------------------------------------------------------------------------
Start Writing Synthesis Report
---------------------------------------------------------------------------------

Report BlackBoxes: 
+-+--------------+----------+
| |BlackBox name |Instances |
+-+--------------+----------+
+-+--------------+----------+

Report Cell Usage: 
+------+-------+------+
|      |Cell   |Count |
+------+-------+------+
|1     |BUFG   |     2|
|2     |CARRY4 |     8|
|3     |LUT1   |     4|
|4     |LUT2   |     6|
|5     |LUT3   |    14|
|6     |LUT4   |    17|
|7     |LUT5   |    42|
|8     |LUT6   |    54|
|9     |FDRE   |    79|
|10    |FDSE   |     4|
|11    |IBUF   |     2|
|12    |OBUF   |    31|
+------+-------+------+

Report Instance Areas: 
+------+------------------------------------+----------------------+------+
|      |Instance                            |Module                |Cells |
+------+------------------------------------+----------------------+------+
|1     |top                                 |                      |   263|
|2     |  seven_segment_display_wrapper     |seven_segment_display |    81|
|3     |    refresh_clock_generator_wrapper |clock_divider         |    52|
|4     |    refresh_counter_wrapper         |refresh_counter       |    29|
+------+------------------------------------+----------------------+------+
---------------------------------------------------------------------------------
Finished Writing Synthesis Report : Time (s): cpu = 00:00:37 ; elapsed = 00:00:39 . Memory (MB): peak = 929.738 ; gain = 370.227
---------------------------------------------------------------------------------
Synthesis finished with 0 errors, 0 critical warnings and 0 warnings.
Synthesis Optimization Runtime : Time (s): cpu = 00:00:27 ; elapsed = 00:00:36 . Memory (MB): peak = 929.738 ; gain = 250.480
Synthesis Optimization Complete : Time (s): cpu = 00:00:37 ; elapsed = 00:00:39 . Memory (MB): peak = 929.738 ; gain = 370.227
INFO: [Project 1-571] Translating synthesized netlist
INFO: [Netlist 29-17] Analyzing 8 Unisim elements for replacement
INFO: [Netlist 29-28] Unisim Transformation completed in 0 CPU seconds
INFO: [Project 1-570] Preparing netlist for logic optimization
INFO: [Opt 31-138] Pushed 0 inverter(s) to 0 load pin(s).
Netlist sorting complete. Time (s): cpu = 00:00:00 ; elapsed = 00:00:00 . Memory (MB): peak = 938.660 ; gain = 0.000
INFO: [Project 1-111] Unisim Transformation Summary:
No Unisim elements were transformed.

INFO: [Common 17-83] Releasing license: Synthesis
32 Infos, 11 Warnings, 2 Critical Warnings and 0 Errors encountered.
synth_design completed successfully
synth_design: Time (s): cpu = 00:00:44 ; elapsed = 00:00:48 . Memory (MB): peak = 938.660 ; gain = 645.941
Netlist sorting complete. Time (s): cpu = 00:00:00 ; elapsed = 00:00:00 . Memory (MB): peak = 938.660 ; gain = 0.000
WARNING: [Constraints 18-5210] No constraints selected for write.
Resolution: This message can indicate that there are no constraints for the design, or it can indicate that the used_in flags are set such that the constraints are ignored. This later case is used when running synth_design to not write synthesis constraints to the resulting checkpoint. Instead, project constraints are read when the synthesized design is opened.
INFO: [Common 17-1381] The checkpoint 'E:/FPGA/SRM_FPGA/current_measuremrnt/current_measuremrnt.runs/synth_1/top.dcp' has been generated.
INFO: [runtcl-4] Executing : report_utilization -file top_utilization_synth.rpt -pb top_utilization_synth.pb
INFO: [Common 17-206] Exiting Vivado at Wed Jul 10 20:18:18 2019...
