Vivado Simulator 2019.1
Copyright 1986-1999, 2001-2019 Xilinx, Inc. All Rights Reserved.
Running: E:/FPGA/Xilinx/Vivado/2019.1/bin/unwrapped/win64.o/xelab.exe -wto d23d292d2c7243d68ee874c3742fc094 --incr --debug typical --relax --mt 2 -L xil_defaultlib -L unisims_ver -L unimacro_ver -L secureip --snapshot top_behav xil_defaultlib.top xil_defaultlib.glbl -log elaborate.log 
Using 2 slave threads.
Starting static elaboration
WARNING: [VRFC 10-3091] actual bit length 16 differs from formal bit length 14 for port 'number' [E:/FPGA/SRM_FPGA/current_measuremrnt/current_measuremrnt.srcs/sources_1/new/top.v:22]
Completed static elaboration
Starting simulation data flow analysis
Completed simulation data flow analysis
Time Resolution for simulation is 1ps
Compiling module xil_defaultlib.bcd
Compiling module xil_defaultlib.clock_divider
Compiling module xil_defaultlib.refresh_counter
Compiling module xil_defaultlib.anode_control
Compiling module xil_defaultlib.bcd_control
Compiling module xil_defaultlib.bcd_to_cathodes
Compiling module xil_defaultlib.seven_segment_display
Compiling module xil_defaultlib.top
Compiling module xil_defaultlib.glbl
Built simulation snapshot top_behav
